<?xml version="1.0" encoding="UTF-8"?>
<!-- Generated by org.testng.reporters.JUnitReportReporter -->
<testsuite hostname="DESKTOP-OEPAK8T" failures="0" tests="1" name="leafgroundmiscs.MiscSimpleFileupload" time="23.660" errors="0" timestamp="2022-12-31T11:11:10 IST" skipped="0">
  <testcase classname="leafgroundmiscs.MiscSimpleFileupload" name="simplefileupload" time="23.660"/>
  <system-out/>
</testsuite> <!-- leafgroundmiscs.MiscSimpleFileupload -->
