<?xml version="1.0" encoding="UTF-8"?>
<!-- Generated by org.testng.reporters.JUnitReportReporter -->
<testsuite hostname="DESKTOP-OEPAK8T" failures="0" tests="1" name="leafgroundElements1.RadioLeafground" time="56.950" errors="0" timestamp="2022-12-31T11:11:10 IST" skipped="0">
  <testcase classname="leafgroundElements1.RadioLeafground" name="radio" time="56.950"/>
  <system-out/>
</testsuite> <!-- leafgroundElements1.RadioLeafground -->
