<?xml version="1.0" encoding="UTF-8"?>
<!-- Generated by org.testng.reporters.JUnitReportReporter -->
<testsuite hostname="DESKTOP-OEPAK8T" failures="0" tests="1" name="leafGroundElements.ElementsCheckBox" time="31.271" errors="0" timestamp="2022-12-26T19:17:56 IST" skipped="0">
  <testcase classname="leafGroundElements.ElementsCheckBox" name="elementsDropdown" time="31.271"/>
  <system-out/>
</testsuite> <!-- leafGroundElements.ElementsCheckBox -->
