<?xml version="1.0" encoding="UTF-8"?>
<!-- Generated by org.testng.reporters.JUnitReportReporter -->
<testsuite hostname="DESKTOP-OEPAK8T" failures="0" tests="1" name="leafground.Frames" time="35.990" errors="0" timestamp="2022-12-24T12:30:58 IST" skipped="0">
  <testcase classname="leafground.Frames" name="frames" time="35.990"/>
  <system-out/>
</testsuite> <!-- leafground.Frames -->
