<?xml version="1.0" encoding="UTF-8"?>
<!-- Generated by org.testng.reporters.JUnitReportReporter -->
<testsuite hostname="DESKTOP-OEPAK8T" failures="0" tests="1" name="leafgroundBrowser.Window" time="21.860" errors="0" timestamp="2022-12-31T13:18:43 IST" skipped="0">
  <testcase classname="leafgroundBrowser.Window" name="window" time="21.860"/>
  <system-out/>
</testsuite> <!-- leafgroundBrowser.Window -->
