<?xml version="1.0" encoding="UTF-8"?>
<!-- Generated by org.testng.reporters.JUnitReportReporter -->
<testsuite hostname="DESKTOP-OEPAK8T" failures="0" tests="1" name="leafground.AlertTestLeaf" time="17.598" errors="0" timestamp="2022-12-31T09:52:32 IST" skipped="0">
  <testcase classname="leafground.AlertTestLeaf" name="alert" time="17.598"/>
  <system-out/>
</testsuite> <!-- leafground.AlertTestLeaf -->
