<?xml version="1.0" encoding="UTF-8"?>
<!-- Generated by org.testng.reporters.JUnitReportReporter -->
<testsuite hostname="DESKTOP-OEPAK8T" failures="0" tests="1" name="leafgroundtable.Table" time="31.511" errors="0" timestamp="2022-12-27T12:22:17 IST" skipped="0">
  <testcase classname="leafgroundtable.Table" name="leaftable" time="31.511"/>
  <system-out/>
</testsuite> <!-- leafgroundtable.Table -->
