<?xml version="1.0" encoding="UTF-8"?>
<!-- Generated by org.testng.reporters.JUnitReportReporter -->
<testsuite hostname="DESKTOP-OEPAK8T" failures="0" tests="1" name="leafgroundBrowser.Frames" time="16.264" errors="0" timestamp="2022-12-31T13:17:40 IST" skipped="0">
  <testcase classname="leafgroundBrowser.Frames" name="frames" time="16.264"/>
  <system-out/>
</testsuite> <!-- leafgroundBrowser.Frames -->
