<?xml version="1.0" encoding="UTF-8"?>
<!-- Generated by org.testng.reporters.JUnitReportReporter -->
<testsuite hostname="DESKTOP-OEPAK8T" failures="0" tests="1" name="leafgroundBrowser.AlertTestLeaf" time="19.149" errors="0" timestamp="2022-12-31T13:13:34 IST" skipped="0">
  <testcase classname="leafgroundBrowser.AlertTestLeaf" name="alert" time="19.149"/>
  <system-out/>
</testsuite> <!-- leafgroundBrowser.AlertTestLeaf -->
