<?xml version="1.0" encoding="UTF-8"?>
<!-- Generated by org.testng.reporters.JUnitReportReporter -->
<testsuite hostname="DESKTOP-OEPAK8T" failures="0" tests="1" name="leafground.Window" time="23.811" errors="0" timestamp="2022-12-24T12:34:22 IST" skipped="0">
  <testcase classname="leafground.Window" name="window" time="23.811"/>
  <system-out/>
</testsuite> <!-- leafground.Window -->
