<?xml version="1.0" encoding="UTF-8"?>
<!-- Generated by org.testng.reporters.JUnitReportReporter -->
<testsuite hostname="DESKTOP-OEPAK8T" failures="0" tests="1" name="leafGroundElements.ElementsButton" time="25.886" errors="0" timestamp="2022-12-30T23:57:27 IST" skipped="0">
  <testcase classname="leafGroundElements.ElementsButton" name="elementsButton" time="25.886"/>
  <system-out/>
</testsuite> <!-- leafGroundElements.ElementsButton -->
