<?xml version="1.0" encoding="UTF-8"?>
<!-- Generated by org.testng.reporters.JUnitReportReporter -->
<testsuite hostname="DESKTOP-OEPAK8T" failures="0" tests="1" name="leafgroundBrowser.Draggable" time="29.605" errors="0" timestamp="2022-12-31T13:15:33 IST" skipped="0">
  <testcase classname="leafgroundBrowser.Draggable" name="drop" time="29.605"/>
  <system-out/>
</testsuite> <!-- leafgroundBrowser.Draggable -->
