<?xml version="1.0" encoding="UTF-8"?>
<!-- Generated by org.testng.reporters.JUnitReportReporter -->
<testsuite hostname="DESKTOP-OEPAK8T" failures="0" tests="1" name="leafgroundmiscs.MiscDownload" time="47.159" errors="0" timestamp="2022-12-31T11:11:10 IST" skipped="0">
  <testcase classname="leafgroundmiscs.MiscDownload" name="miscdownload" time="47.159"/>
  <system-out/>
</testsuite> <!-- leafgroundmiscs.MiscDownload -->
