<?xml version="1.0" encoding="UTF-8"?>
<!-- Generated by org.testng.reporters.JUnitReportReporter -->
<testsuite hostname="DESKTOP-OEPAK8T" failures="0" tests="1" name="leafgroundmiscs.MiscUpload" time="25.313" errors="0" timestamp="2022-12-29T22:31:07 IST" skipped="0">
  <testcase classname="leafgroundmiscs.MiscUpload" name="miscupload" time="25.313"/>
  <system-out/>
</testsuite> <!-- leafgroundmiscs.MiscUpload -->
