<?xml version="1.0" encoding="UTF-8"?>
<!-- Generated by org.testng.reporters.JUnitReportReporter -->
<testsuite hostname="DESKTOP-OEPAK8T" failures="0" tests="1" name="leafground_home.Home" time="48.767" errors="0" timestamp="2022-12-31T11:11:10 IST" skipped="0">
  <testcase classname="leafground_home.Home" name="leafgroundhome" time="48.767"/>
  <system-out/>
</testsuite> <!-- leafground_home.Home -->
